{
  "repo_path": "C:\\Users\\scott\\Documents\\GitHub\\JobForge",
  "pack": "full",
  "summary": {
    "total": 4,
    "passed": 0,
    "failed": 4,
    "skipped": 0,
    "duration_ms": 14061
  },
  "commands": [
    {
      "command": "pnpm run lint",
      "success": false,
      "exitCode": 1,
      "stdout": "\n> jobforge@0.1.0 lint C:\\Users\\scott\\Documents\\GitHub\\JobForge\n> turbo run lint\n\n• Packages in scope: @jobforge/client, @jobforge/config, @jobforge/database, @jobforge/design-system, @jobforge/errors, @jobforge/fetch, @jobforge/integration, @jobforge/observability, @jobforge/python-worker, @jobforge/sdk-py, @jobforge/sdk-ts, @jobforge/shared, @jobforge/typescript-config, @jobforge/ui, @jobforge/web, @jobforge/worker-py, @jobforge/worker-ts\n• Running lint in 17 packages\n• Remote caching disabled\n@jobforge/worker-ts:lint: cache miss, executing 16bd48afbc68b7c6\n@jobforge/python-worker:lint: cache miss, executing 638665ee6bdc7a96\n@jobforge/ui:lint: cache miss, executing f6c915afe3e7476b\n@jobforge/observability:lint: cache miss, executing d56fea24ab375349\n@jobforge/errors:lint: cache miss, executing 23e81216ebbed928\n@jobforge/fetch:lint: cache miss, executing 8b662bffc3b10780\n@jobforge/shared:lint: cache miss, executing de38a51d8ce9e6f2\n@jobforge/client:lint: cache miss, executing 1ed5f25f068fb171\n@jobforge/worker-py:lint: cache miss, executing 554f016b05a083ec\n@jobforge/database:lint: cache miss, executing 324bc983080dfe0b\n@jobforge/ui:lint: \n@jobforge/ui:lint: > @jobforge/ui@0.1.0 lint C:\\Users\\scott\\Documents\\GitHub\\JobForge\\packages\\ui\n@jobforge/ui:lint: > eslint \"**/*.{ts,tsx}\"\n@jobforge/ui:lint: \n@jobforge/worker-ts:lint: \n@jobforge/worker-ts:lint: > @jobforge/worker-ts@0.1.0 lint C:\\Users\\scott\\Documents\\GitHub\\JobForge\\services\\worker-ts\n@jobforge/worker-ts:lint: > eslint src/\n@jobforge/worker-ts:lint: \n@jobforge/fetch:lint: \n@jobforge/fetch:lint: > @jobforge/fetch@0.1.0 lint C:\\Users\\scott\\Documents\\GitHub\\JobForge\\packages\\fetch\n@jobforge/fetch:lint: > eslint \"**/*.ts\"\n@jobforge/fetch:lint: \n@jobforge/observability:lint: \n@jobforge/observability:lint: > @jobforge/observability@0.1.0 lint C:\\Users\\scott\\Documents\\GitHub\\JobForge\\packages\\observability\n@jobforge/observability:lint: > eslint src/\n@jobforge/observability:lint: \n@jobforge/errors:lint: \n@jobforge/errors:lint: > @jobforge/errors@0.1.0 lint C:\\Users\\scott\\Documents\\GitHub\\JobForge\\packages\\errors\n@jobforge/errors:lint: > eslint \"**/*.ts\"\n@jobforge/errors:lint: \n@jobforge/shared:lint: \n@jobforge/shared:lint: > @jobforge/shared@0.1.0 lint C:\\Users\\scott\\Documents\\GitHub\\JobForge\\packages\\shared\n@jobforge/shared:lint: > eslint src/ test/\n@jobforge/shared:lint: \n@jobforge/worker-py:lint: \n@jobforge/worker-py:lint: > @jobforge/worker-py@0.1.0 lint C:\\Users\\scott\\Documents\\GitHub\\JobForge\\services\\worker-py\n@jobforge/worker-py:lint: > make lint\n@jobforge/worker-py:lint: \n@jobforge/python-worker:lint: \n@jobforge/python-worker:lint: > @jobforge/python-worker@0.1.0 lint C:\\Users\\scott\\Documents\\GitHub\\JobForge\\packages\\python-worker\n@jobforge/python-worker:lint: > make lint\n@jobforge/python-worker:lint: \n@jobforge/client:lint: \n@jobforge/client:lint: > @jobforge/client@0.1.0 lint C:\\Users\\scott\\Documents\\GitHub\\JobForge\\packages\\client\n@jobforge/client:lint: > eslint src/\n@jobforge/client:lint: \n@jobforge/database:lint: \n@jobforge/database:lint: > @jobforge/database@0.1.0 lint C:\\Users\\scott\\Documents\\GitHub\\JobForge\\packages\\database\n@jobforge/database:lint: > eslint \"**/*.ts\"\n@jobforge/database:lint: \n@jobforge/python-worker:lint: 'make' is not recognized as an internal or external command,\r\n@jobforge/python-worker:lint: operable program or batch file.\r\n@jobforge/worker-py:lint: 'make' is not recognized as an internal or external command,\r\n@jobforge/worker-py:lint: operable program or batch file.\r\n@jobforge/python-worker:lint:  ELIFECYCLE  Command failed with exit code 1.\n@jobforge/worker-py:lint:  ELIFECYCLE  Command failed with exit code 1.\n@jobforge/python-worker:lint:  WARN   Local package.json exists, but node_modules missing, did you mean to install?\n@jobforge/worker-py:lint:  WARN   Local package.json exists, but node_modules missing, did you mean to install?\n@jobforge/web:lint: cache miss, executing ee3d3ee3131cb45d\n@jobforge/sdk-ts:lint: cache miss, executing 9bf7aeae2da90cf5\n@jobforge/sdk-py:lint: cache miss, executing ddcc5be57fdf6492\n@jobforge/design-system:lint: cache miss, executing 8e47fa3f7e993ee5\n@jobforge/integration:lint: cache miss, executing 10b0ff274557301a\n\n Tasks:    0 successful, 15 total\nCached:    0 cached, 15 total\n  Time:    739ms \nFailed:    @jobforge/python-worker#lint, @jobforge/worker-py#lint\n\n ELIFECYCLE  Command failed with exit code 1.\n",
      "stderr": "@jobforge/worker-py:lint: ERROR: command finished with error: command (C:\\Users\\scott\\Documents\\GitHub\\JobForge\\services\\worker-py) C:\\nvm4w\\nodejs\\pnpm.CMD run lint exited (1)\n@jobforge/python-worker:lint: ERROR: command finished with error: command (C:\\Users\\scott\\Documents\\GitHub\\JobForge\\packages\\python-worker) C:\\nvm4w\\nodejs\\pnpm.CMD run lint exited (1)\n@jobforge/worker-py#lint: command (C:\\Users\\scott\\Documents\\GitHub\\JobForge\\services\\worker-py) C:\\nvm4w\\nodejs\\pnpm.CMD run lint exited (1)\n@jobforge/python-worker#lint: command (C:\\Users\\scott\\Documents\\GitHub\\JobForge\\packages\\python-worker) C:\\nvm4w\\nodejs\\pnpm.CMD run lint exited (1)\n ERROR  run failed: command  exited (1)\n",
      "durationMs": 3024
    },
    {
      "command": "pnpm run typecheck",
      "success": false,
      "exitCode": 1,
      "stdout": "\n> jobforge@0.1.0 typecheck C:\\Users\\scott\\Documents\\GitHub\\JobForge\n> turbo run typecheck\n\n• Packages in scope: @jobforge/client, @jobforge/config, @jobforge/database, @jobforge/design-system, @jobforge/errors, @jobforge/fetch, @jobforge/integration, @jobforge/observability, @jobforge/python-worker, @jobforge/sdk-py, @jobforge/sdk-ts, @jobforge/shared, @jobforge/typescript-config, @jobforge/ui, @jobforge/web, @jobforge/worker-py, @jobforge/worker-ts\n• Running typecheck in 17 packages\n• Remote caching disabled\n@jobforge/worker-py:typecheck: cache miss, executing 1c92bbc3531f6e3f\n@jobforge/sdk-ts:typecheck: cache miss, executing 44a7219d3325a84b\n@jobforge/shared:typecheck: cache miss, executing a36d48c29899e8a2\n@jobforge/integration:typecheck: cache miss, executing 6ba050ba10325d77\n@jobforge/web:typecheck: cache miss, executing c15fcab9822e5694\n@jobforge/ui:typecheck: cache miss, executing a5b16b31a6dda3e7\n@jobforge/errors:typecheck: cache miss, executing c24e60aac30c7df8\n@jobforge/client:typecheck: cache miss, executing 41e06f0c7f68e2d1\n@jobforge/database:typecheck: cache miss, executing 1fa8f49789ff0b77\n@jobforge/sdk-py:typecheck: cache miss, executing 986b677d642d1bee\n@jobforge/sdk-py:typecheck: \n@jobforge/sdk-py:typecheck: > @jobforge/sdk-py@0.1.0 typecheck C:\\Users\\scott\\Documents\\GitHub\\JobForge\\packages\\sdk-py\n@jobforge/sdk-py:typecheck: > make typecheck\n@jobforge/sdk-py:typecheck: \n@jobforge/web:typecheck: \n@jobforge/web:typecheck: > @jobforge/web@0.1.0 typecheck C:\\Users\\scott\\Documents\\GitHub\\JobForge\\apps\\web\n@jobforge/web:typecheck: > tsc --noEmit\n@jobforge/web:typecheck: \n@jobforge/errors:typecheck: \n@jobforge/errors:typecheck: > @jobforge/errors@0.1.0 typecheck C:\\Users\\scott\\Documents\\GitHub\\JobForge\\packages\\errors\n@jobforge/errors:typecheck: > tsc --noEmit\n@jobforge/errors:typecheck: \n@jobforge/database:typecheck: \n@jobforge/database:typecheck: > @jobforge/database@0.1.0 typecheck C:\\Users\\scott\\Documents\\GitHub\\JobForge\\packages\\database\n@jobforge/database:typecheck: > tsc --noEmit\n@jobforge/database:typecheck: \n@jobforge/sdk-ts:typecheck: \n@jobforge/sdk-ts:typecheck: > @jobforge/sdk-ts@0.1.0 typecheck C:\\Users\\scott\\Documents\\GitHub\\JobForge\\packages\\sdk-ts\n@jobforge/sdk-ts:typecheck: > tsc --noEmit\n@jobforge/sdk-ts:typecheck: \n@jobforge/shared:typecheck: \n@jobforge/shared:typecheck: > @jobforge/shared@0.1.0 typecheck C:\\Users\\scott\\Documents\\GitHub\\JobForge\\packages\\shared\n@jobforge/shared:typecheck: > tsc --noEmit\n@jobforge/shared:typecheck: \n@jobforge/worker-py:typecheck: \n@jobforge/worker-py:typecheck: > @jobforge/worker-py@0.1.0 typecheck C:\\Users\\scott\\Documents\\GitHub\\JobForge\\services\\worker-py\n@jobforge/worker-py:typecheck: > make typecheck\n@jobforge/worker-py:typecheck: \n@jobforge/ui:typecheck: \n@jobforge/integration:typecheck: \n@jobforge/ui:typecheck: > @jobforge/ui@0.1.0 typecheck C:\\Users\\scott\\Documents\\GitHub\\JobForge\\packages\\ui\n@jobforge/ui:typecheck: > tsc --noEmit\n@jobforge/integration:typecheck: > @jobforge/integration@0.1.0 typecheck C:\\Users\\scott\\Documents\\GitHub\\JobForge\\packages\\integration\n@jobforge/integration:typecheck: > tsc --noEmit\n@jobforge/integration:typecheck: \n@jobforge/ui:typecheck: \n@jobforge/client:typecheck: \n@jobforge/client:typecheck: > @jobforge/client@0.1.0 typecheck C:\\Users\\scott\\Documents\\GitHub\\JobForge\\packages\\client\n@jobforge/client:typecheck: > tsc --noEmit\n@jobforge/client:typecheck: \n@jobforge/sdk-py:typecheck: 'make' is not recognized as an internal or external command,\r\n@jobforge/sdk-py:typecheck: operable program or batch file.\r\n@jobforge/worker-py:typecheck: 'make' is not recognized as an internal or external command,\r\n@jobforge/worker-py:typecheck: operable program or batch file.\r\n@jobforge/sdk-py:typecheck:  ELIFECYCLE  Command failed with exit code 1.\n@jobforge/sdk-py:typecheck:  WARN   Local package.json exists, but node_modules missing, did you mean to install?\n@jobforge/worker-py:typecheck:  ELIFECYCLE  Command failed with exit code 1.\n@jobforge/worker-py:typecheck:  WARN   Local package.json exists, but node_modules missing, did you mean to install?\n@jobforge/worker-ts:typecheck: cache miss, executing 46805d3be2ba1cb3\n@jobforge/python-worker:typecheck: cache miss, executing 8d157ba951a9b01a\n@jobforge/observability:typecheck: cache miss, executing 3133498ee5e14528\n@jobforge/fetch:typecheck: cache miss, executing d66185dc4cd8b97d\n@jobforge/design-system:typecheck: cache miss, executing 856a55384a03958d\n\n Tasks:    0 successful, 15 total\nCached:    0 cached, 15 total\n  Time:    783ms \nFailed:    @jobforge/sdk-py#typecheck, @jobforge/worker-py#typecheck\n\n ELIFECYCLE  Command failed with exit code 1.\n",
      "stderr": "@jobforge/worker-py:typecheck: ERROR: command finished with error: command (C:\\Users\\scott\\Documents\\GitHub\\JobForge\\services\\worker-py) C:\\nvm4w\\nodejs\\pnpm.CMD run typecheck exited (1)\n@jobforge/sdk-py:typecheck: ERROR: command finished with error: command (C:\\Users\\scott\\Documents\\GitHub\\JobForge\\packages\\sdk-py) C:\\nvm4w\\nodejs\\pnpm.CMD run typecheck exited (1)\n@jobforge/worker-py#typecheck: command (C:\\Users\\scott\\Documents\\GitHub\\JobForge\\services\\worker-py) C:\\nvm4w\\nodejs\\pnpm.CMD run typecheck exited (1)\n@jobforge/sdk-py#typecheck: command (C:\\Users\\scott\\Documents\\GitHub\\JobForge\\packages\\sdk-py) C:\\nvm4w\\nodejs\\pnpm.CMD run typecheck exited (1)\n ERROR  run failed: command  exited (1)\n",
      "durationMs": 4991
    },
    {
      "command": "pnpm run build",
      "success": false,
      "exitCode": 1,
      "stdout": "\n> jobforge@0.1.0 build C:\\Users\\scott\\Documents\\GitHub\\JobForge\n> turbo run build\n\n• Packages in scope: @jobforge/client, @jobforge/config, @jobforge/database, @jobforge/design-system, @jobforge/errors, @jobforge/fetch, @jobforge/integration, @jobforge/observability, @jobforge/python-worker, @jobforge/sdk-py, @jobforge/sdk-ts, @jobforge/shared, @jobforge/typescript-config, @jobforge/ui, @jobforge/web, @jobforge/worker-py, @jobforge/worker-ts\n• Running build in 17 packages\n• Remote caching disabled\n@jobforge/shared:build: cache hit, replaying logs afe0bcd837ef1872\n@jobforge/shared:build: \n@jobforge/shared:build: > @jobforge/shared@0.1.0 build C:\\Users\\scott\\Documents\\GitHub\\JobForge\\packages\\shared\n@jobforge/shared:build: > tsc\n@jobforge/shared:build: \n@jobforge/observability:build: cache hit, replaying logs 10b48c5a8124b6f6\n@jobforge/sdk-ts:build: cache hit, replaying logs 3975c2135c967752\n@jobforge/sdk-ts:build: \n@jobforge/sdk-ts:build: > @jobforge/sdk-ts@0.1.0 build C:\\Users\\scott\\Documents\\GitHub\\JobForge\\packages\\sdk-ts\n@jobforge/sdk-ts:build: > tsc\n@jobforge/sdk-ts:build: \n@jobforge/observability:build: \n@jobforge/observability:build: > @jobforge/observability@0.1.0 build C:\\Users\\scott\\Documents\\GitHub\\JobForge\\packages\\observability\n@jobforge/observability:build: > tsc\n@jobforge/observability:build: \n@jobforge/integration:build: cache miss, executing ce3a79d5526e175a\n@jobforge/client:build: cache hit, replaying logs a4888f36a3b287fc\n@jobforge/client:build: \n@jobforge/client:build: > @jobforge/client@0.1.0 build C:\\Users\\scott\\Documents\\GitHub\\JobForge\\packages\\client\n@jobforge/client:build: > tsc\n@jobforge/client:build: \n@jobforge/worker-ts:build: cache hit, replaying logs 0e5d0fc2f50993c6\n@jobforge/worker-ts:build: \n@jobforge/worker-ts:build: > @jobforge/worker-ts@0.1.0 build C:\\Users\\scott\\Documents\\GitHub\\JobForge\\services\\worker-ts\n@jobforge/worker-ts:build: > tsc\n@jobforge/worker-ts:build: \n@jobforge/web:build: cache hit, replaying logs a26933bcca1bed32\n@jobforge/web:build: \n@jobforge/web:build: > @jobforge/web@0.1.0 build C:\\Users\\scott\\Documents\\GitHub\\JobForge\\apps\\web\n@jobforge/web:build: > next build\n@jobforge/web:build: \n@jobforge/web:build:   ▲ Next.js 14.2.35\n@jobforge/web:build: \n@jobforge/web:build:    Creating an optimized production build ...\n@jobforge/web:build:  ✓ Compiled successfully\n@jobforge/web:build:    Linting and checking validity of types ...\n@jobforge/web:build:    Collecting page data ...\n@jobforge/web:build:    Generating static pages (0/4) ...\n@jobforge/web:build:  ⚠ Unsupported metadata viewport is configured in metadata export in /. Please move it to viewport export instead.\n@jobforge/web:build: Read more: https://nextjs.org/docs/app/api-reference/functions/generate-viewport\n@jobforge/web:build:  ⚠ Unsupported metadata themeColor is configured in metadata export in /. Please move it to viewport export instead.\n@jobforge/web:build: Read more: https://nextjs.org/docs/app/api-reference/functions/generate-viewport\n@jobforge/web:build:  ⚠ Unsupported metadata viewport is configured in metadata export in /. Please move it to viewport export instead.\n@jobforge/web:build: Read more: https://nextjs.org/docs/app/api-reference/functions/generate-viewport\n@jobforge/web:build:  ⚠ Unsupported metadata themeColor is configured in metadata export in /. Please move it to viewport export instead.\n@jobforge/web:build: Read more: https://nextjs.org/docs/app/api-reference/functions/generate-viewport\n@jobforge/web:build:  ⚠ Unsupported metadata viewport is configured in metadata export in /_not-found. Please move it to viewport export instead.\n@jobforge/web:build: Read more: https://nextjs.org/docs/app/api-reference/functions/generate-viewport\n@jobforge/web:build:  ⚠ Unsupported metadata themeColor is configured in metadata export in /_not-found. Please move it to viewport export instead.\n@jobforge/web:build: Read more: https://nextjs.org/docs/app/api-reference/functions/generate-viewport\n@jobforge/web:build:  ⚠ Unsupported metadata viewport is configured in metadata export in /_not-found. Please move it to viewport export instead.\n@jobforge/web:build: Read more: https://nextjs.org/docs/app/api-reference/functions/generate-viewport\n@jobforge/web:build:  ⚠ Unsupported metadata themeColor is configured in metadata export in /_not-found. Please move it to viewport export instead.\n@jobforge/web:build: Read more: https://nextjs.org/docs/app/api-reference/functions/generate-viewport\n@jobforge/web:build:    Generating static pages (1/4) \r\n@jobforge/web:build:    Generating static pages (2/4) \r\n@jobforge/web:build:    Generating static pages (3/4) \r\n@jobforge/web:build:  ✓ Generating static pages (4/4)\n@jobforge/web:build:    Finalizing page optimization ...\n@jobforge/web:build:    Collecting build traces ...\n@jobforge/web:build: \n@jobforge/web:build: Route (app)                              Size     First Load JS\n@jobforge/web:build: ┌ ○ /                                    138 B          87.4 kB\n@jobforge/web:build: └ ○ /_not-found                          871 B          88.1 kB\n@jobforge/web:build: + First Load JS shared by all            87.2 kB\n@jobforge/web:build:   ├ chunks/809-d28bd561d1491e44.js       31.7 kB\n@jobforge/web:build:   ├ chunks/d003c1c0-c4348ff557067c4a.js  53.6 kB\n@jobforge/web:build:   └ other shared chunks (total)          1.86 kB\n@jobforge/web:build: \n@jobforge/web:build: \n@jobforge/web:build: ƒ Middleware                             26.9 kB\n@jobforge/web:build: \n@jobforge/web:build: ○  (Static)  prerendered as static content\n@jobforge/web:build: \n@jobforge/integration:build: \n@jobforge/integration:build: > @jobforge/integration@0.1.0 build C:\\Users\\scott\\Documents\\GitHub\\JobForge\\packages\\integration\n@jobforge/integration:build: > tsup src/index.ts --format cjs,esm --dts\n@jobforge/integration:build: \n@jobforge/integration:build: \u001b[34mCLI\u001b[39m Building entry: src/index.ts\n@jobforge/integration:build: \u001b[34mCLI\u001b[39m Using tsconfig: tsconfig.json\n@jobforge/integration:build: \u001b[34mCLI\u001b[39m tsup v8.5.1\n@jobforge/integration:build: \u001b[34mCLI\u001b[39m Target: es2022\n@jobforge/integration:build: \u001b[34mCJS\u001b[39m Build start\n@jobforge/integration:build: \u001b[34mESM\u001b[39m Build start\n@jobforge/integration:build: \u001b[32mESM\u001b[39m \u001b[1mdist\\index.mjs \u001b[22m\u001b[32m10.01 KB\u001b[39m\n@jobforge/integration:build: \u001b[32mESM\u001b[39m ⚡️ Build success in 34ms\n@jobforge/integration:build: \u001b[32mCJS\u001b[39m \u001b[1mdist\\index.js \u001b[22m\u001b[32m11.94 KB\u001b[39m\n@jobforge/integration:build: \u001b[32mCJS\u001b[39m ⚡️ Build success in 35ms\n@jobforge/integration:build: \u001b[34mDTS\u001b[39m Build start\n@jobforge/integration:build: error TS5074: Option '--incremental' can only be specified using tsconfig, emitting to single file or when option '--tsBuildInfoFile' is specified.\r\n@jobforge/integration:build: \n@jobforge/integration:build: \u001b[31mError: error occurred in dts build\n@jobforge/integration:build:     at Worker.<anonymous> (C:\\Users\\scott\\Documents\\GitHub\\JobForge\\node_modules\\.pnpm\\tsup@8.5.1_typescript@5.9.3\\node_modules\\tsup\\dist\\index.js:1545:26)\n@jobforge/integration:build:     at Worker.emit (node:events:508:20)\n@jobforge/integration:build:     at MessagePort.<anonymous> (node:internal/worker:333:53)\n@jobforge/integration:build:     at [nodejs.internal.kHybridDispatch] (node:internal/event_target:843:20)\n@jobforge/integration:build:     at MessagePort.<anonymous> (node:internal/per_context/messageport:23:28)\u001b[39m\n@jobforge/integration:build: \u001b[31mDTS\u001b[39m \u001b[31mBuild error\u001b[39m\n@jobforge/integration:build:  ELIFECYCLE  Command failed with exit code 1.\n\n Tasks:    6 successful, 7 total\nCached:    6 cached, 7 total\n  Time:    2.68s \nFailed:    @jobforge/integration#build\n\n ELIFECYCLE  Command failed with exit code 1.\n",
      "stderr": "@jobforge/integration:build: ERROR: command finished with error: command (C:\\Users\\scott\\Documents\\GitHub\\JobForge\\packages\\integration) C:\\nvm4w\\nodejs\\pnpm.CMD run build exited (1)\n@jobforge/integration#build: command (C:\\Users\\scott\\Documents\\GitHub\\JobForge\\packages\\integration) C:\\nvm4w\\nodejs\\pnpm.CMD run build exited (1)\n ERROR  run failed: command  exited (1)\n",
      "durationMs": 3111
    },
    {
      "command": "pnpm run test",
      "success": false,
      "exitCode": 1,
      "stdout": "\n> jobforge@0.1.0 test C:\\Users\\scott\\Documents\\GitHub\\JobForge\n> turbo run test\n\n• Packages in scope: @jobforge/client, @jobforge/config, @jobforge/database, @jobforge/design-system, @jobforge/errors, @jobforge/fetch, @jobforge/integration, @jobforge/observability, @jobforge/python-worker, @jobforge/sdk-py, @jobforge/sdk-ts, @jobforge/shared, @jobforge/typescript-config, @jobforge/ui, @jobforge/web, @jobforge/worker-py, @jobforge/worker-ts\n• Running test in 17 packages\n• Remote caching disabled\n@jobforge/sdk-py:test: cache miss, executing f731a8a6950ab8d4\n@jobforge/worker-py:test: cache miss, executing bf5e75af77ac895b\n@jobforge/python-worker:test: cache miss, executing 1e23b6a111622b9c\n@jobforge/shared:test: cache miss, executing 1ea533671fc99c30\n@jobforge/database:test: cache miss, executing d2d92fb38eef01e4\n@jobforge/errors:test: cache miss, executing cfd2d83679fc4071\n@jobforge/python-worker:test: \n@jobforge/python-worker:test: > @jobforge/python-worker@0.1.0 test C:\\Users\\scott\\Documents\\GitHub\\JobForge\\packages\\python-worker\n@jobforge/python-worker:test: > make test\n@jobforge/python-worker:test: \n@jobforge/errors:test: \n@jobforge/errors:test: > @jobforge/errors@0.1.0 test C:\\Users\\scott\\Documents\\GitHub\\JobForge\\packages\\errors\n@jobforge/errors:test: > vitest run\n@jobforge/errors:test: \n@jobforge/python-worker:test: 'make' is not recognized as an internal or external command,\r\n@jobforge/python-worker:test: operable program or batch file.\r\n@jobforge/worker-py:test: \n@jobforge/shared:test: \n@jobforge/worker-py:test: > @jobforge/worker-py@0.1.0 test C:\\Users\\scott\\Documents\\GitHub\\JobForge\\services\\worker-py\n@jobforge/shared:test: > @jobforge/shared@0.1.0 test C:\\Users\\scott\\Documents\\GitHub\\JobForge\\packages\\shared\n@jobforge/worker-py:test: > make test\n@jobforge/shared:test: > vitest run\n@jobforge/worker-py:test: \n@jobforge/shared:test: \n@jobforge/sdk-py:test: \n@jobforge/sdk-py:test: > @jobforge/sdk-py@0.1.0 test C:\\Users\\scott\\Documents\\GitHub\\JobForge\\packages\\sdk-py\n@jobforge/sdk-py:test: > make test\n@jobforge/sdk-py:test: \n@jobforge/database:test: \n@jobforge/database:test: > @jobforge/database@0.1.0 test C:\\Users\\scott\\Documents\\GitHub\\JobForge\\packages\\database\n@jobforge/database:test: > vitest run\n@jobforge/database:test: \n@jobforge/python-worker:test:  ELIFECYCLE  Test failed. See above for more details.\n@jobforge/python-worker:test:  WARN   Local package.json exists, but node_modules missing, did you mean to install?\n@jobforge/worker-py:test: 'make' is not recognized as an internal or external command,\r\n@jobforge/worker-py:test: operable program or batch file.\r\n@jobforge/sdk-py:test: 'make' is not recognized as an internal or external command,\r\n@jobforge/sdk-py:test: operable program or batch file.\r\n@jobforge/worker-py:test:  ELIFECYCLE  Test failed. See above for more details.\n@jobforge/sdk-py:test:  ELIFECYCLE  Test failed. See above for more details.\n@jobforge/sdk-py:test:  WARN   Local package.json exists, but node_modules missing, did you mean to install?\n@jobforge/worker-py:test:  WARN   Local package.json exists, but node_modules missing, did you mean to install?\n\n Tasks:    0 successful, 6 total\nCached:    0 cached, 6 total\n  Time:    582ms \nFailed:    @jobforge/python-worker#test\n\n ELIFECYCLE  Test failed. See above for more details.\n",
      "stderr": "@jobforge/python-worker:test: ERROR: command finished with error: command (C:\\Users\\scott\\Documents\\GitHub\\JobForge\\packages\\python-worker) C:\\nvm4w\\nodejs\\pnpm.CMD run test exited (1)\n@jobforge/python-worker#test: command (C:\\Users\\scott\\Documents\\GitHub\\JobForge\\packages\\python-worker) C:\\nvm4w\\nodejs\\pnpm.CMD run test exited (1)\n ERROR  run failed: command  exited (1)\n",
      "durationMs": 2935
    }
  ],
  "fingerprints": {
    "package_json_hash": "480273e8a6c8bccb",
    "lockfile_hash": "adb8843a3966e2a9",
    "file_count": 144585,
    "total_size_bytes": 2736563871
  },
  "issues": [
    {
      "severity": "error",
      "message": "Lint failed with exit code 1",
      "command": "pnpm run lint"
    },
    {
      "severity": "error",
      "message": "Typecheck failed with exit code 1",
      "command": "pnpm run typecheck"
    },
    {
      "severity": "error",
      "message": "Build failed with exit code 1",
      "command": "pnpm run build"
    },
    {
      "severity": "error",
      "message": "Tests failed with exit code 1",
      "command": "pnpm run test"
    }
  ],
  "generated_at": "2026-02-02T14:50:12.502Z"
}
